<?xml version="1.0" encoding="UTF-8"?>
<!-- Generated by org.testng.reporters.JUnitXMLReporter -->
<testsuite hostname="DESKTOP-H21MM63" name="Regression" tests="4" failures="0" timestamp="24 Apr 2020 08:46:56 GMT" time="0.053" errors="0">
  <testcase name="goodbye" time="0.013" classname="Guvi.Day2"/>
  <testcase name="Car1" time="0.003" classname="Guvi.Grouping"/>
  <testcase name="Car2" time="0.002" classname="Guvi.Grouping"/>
  <testcase name="Scooter1" time="0.005" classname="Guvi.Grouping"/>
</testsuite> <!-- Regression -->
