<?xml version="1.0" encoding="UTF-8"?>
<testng-results skipped="0" failed="0" total="1" passed="1">
  <reporter-output>
  </reporter-output>
  <suite name="Default suite" duration-ms="21204" started-at="2020-04-20T14:10:05Z" finished-at="2020-04-20T14:10:27Z">
    <groups>
    </groups>
    <test name="Default test" duration-ms="21204" started-at="2020-04-20T14:10:05Z" finished-at="2020-04-20T14:10:27Z">
      <class name="excercise.SeleniumDemo3">
        <test-method status="PASS" signature="googleDemo()[pri:0, instance:excercise.SeleniumDemo3@1efbd816]" name="googleDemo" duration-ms="21183" started-at="2020-04-20T19:40:05Z" finished-at="2020-04-20T19:40:27Z">
          <reporter-output>
          </reporter-output>
        </test-method> <!-- googleDemo -->
      </class> <!-- excercise.SeleniumDemo3 -->
    </test> <!-- Default test -->
  </suite> <!-- Default suite -->
</testng-results>
