<?xml version="1.0" encoding="UTF-8"?>
<!-- Generated by org.testng.reporters.JUnitXMLReporter -->
<testsuite hostname="DESKTOP-H21MM63" ignored="3" name="Regression" tests="4" failures="0" timestamp="2020-04-24T22:58:00 IST" time="0.059" errors="0">
  <testcase name="goodbye" time="0.005" classname="Guvi.Day2"/>
  <testcase name="Car1" time="0.0" classname="Guvi.Grouping"/>
  <testcase name="Car2" time="0.0" classname="Guvi.Grouping"/>
  <testcase name="Scooter1" time="0.002" classname="Guvi.Grouping"/>
  <testcase name="Scooter2" time="0.0" classname="Guvi.Grouping">
    <ignored/>
  </testcase> <!-- Scooter2 -->
  <testcase name="Sedan1" time="0.0" classname="Guvi.Grouping">
    <ignored/>
  </testcase> <!-- Sedan1 -->
  <testcase name="bye" time="0.0" classname="Guvi.Day2">
    <ignored/>
  </testcase> <!-- bye -->
</testsuite> <!-- Regression -->
