<?xml version="1.0" encoding="UTF-8"?>
<testng-results skipped="0" failed="0" total="2" passed="2">
  <reporter-output>
  </reporter-output>
  <suite name="Suite" duration-ms="42" started-at="2020-04-24T11:46:56Z" finished-at="2020-04-24T11:46:56Z">
    <groups>
      <group name="smoke">
        <method signature="Day2.goodbye()[pri:0, instance:Guvi.Day2@29ee9faa]" name="goodbye" class="Guvi.Day2"/>
      </group> <!-- smoke -->
    </groups>
    <test name="Test" duration-ms="42" started-at="2020-04-24T11:46:56Z" finished-at="2020-04-24T11:46:56Z">
      <class name="Guvi.Day2">
        <test-method status="PASS" signature="btest()[pri:0, instance:Guvi.Day2@29ee9faa]" name="btest" is-config="true" duration-ms="7" started-at="2020-04-24T17:16:56Z" finished-at="2020-04-24T17:16:56Z">
          <reporter-output>
          </reporter-output>
        </test-method> <!-- btest -->
        <test-method status="PASS" signature="bmethod()[pri:0, instance:Guvi.Day2@29ee9faa]" name="bmethod" is-config="true" duration-ms="1" started-at="2020-04-24T17:16:56Z" finished-at="2020-04-24T17:16:56Z">
          <reporter-output>
          </reporter-output>
        </test-method> <!-- bmethod -->
        <test-method status="PASS" signature="bye()[pri:0, instance:Guvi.Day2@29ee9faa]" name="bye" duration-ms="5" started-at="2020-04-24T17:16:56Z" finished-at="2020-04-24T17:16:56Z">
          <reporter-output>
          </reporter-output>
        </test-method> <!-- bye -->
        <test-method status="PASS" signature="amethod()[pri:0, instance:Guvi.Day2@29ee9faa]" name="amethod" is-config="true" duration-ms="1" started-at="2020-04-24T17:16:56Z" finished-at="2020-04-24T17:16:56Z">
          <reporter-output>
          </reporter-output>
        </test-method> <!-- amethod -->
        <test-method status="PASS" signature="bmethod()[pri:0, instance:Guvi.Day2@29ee9faa]" name="bmethod" is-config="true" duration-ms="1" started-at="2020-04-24T17:16:56Z" finished-at="2020-04-24T17:16:56Z">
          <reporter-output>
          </reporter-output>
        </test-method> <!-- bmethod -->
        <test-method status="PASS" signature="goodbye()[pri:0, instance:Guvi.Day2@29ee9faa]" name="goodbye" duration-ms="2" started-at="2020-04-24T17:16:56Z" finished-at="2020-04-24T17:16:56Z">
          <reporter-output>
          </reporter-output>
        </test-method> <!-- goodbye -->
        <test-method status="PASS" signature="amethod()[pri:0, instance:Guvi.Day2@29ee9faa]" name="amethod" is-config="true" duration-ms="2" started-at="2020-04-24T17:16:56Z" finished-at="2020-04-24T17:16:56Z">
          <reporter-output>
          </reporter-output>
        </test-method> <!-- amethod -->
      </class> <!-- Guvi.Day2 -->
    </test> <!-- Test -->
  </suite> <!-- Suite -->
</testng-results>
